<?xml version="1.0" encoding="UTF-8"?>
<!-- Generated by org.testng.reporters.JUnitXMLReporter -->
<testsuite hostname="SFOC02RR0XBG8WN.sea.corp.expecn.com" ignored="0" name="SearchInFF" tests="2" failures="0" timestamp="09 Oct 2018 16:22:05 GMT" time="0.047" errors="0">
  <testcase name="@BeforeMethod openBrowser" time="0.0" classname="uiAutomation.BaseTest">
    <failure type="java.lang.IllegalStateException" message="The driver executable does not exist: /Users/apetrovski/Desktop/JavaTestNGWebDriver\src\test\resources\drivers\geckodriver.exe">
      <![CDATA[java.lang.IllegalStateException: The driver executable does not exist: /Users/apetrovski/Desktop/JavaTestNGWebDriver\src\test\resources\drivers\geckodriver.exe
	at com.google.common.base.Preconditions.checkState(Preconditions.java:585)
	at org.openqa.selenium.remote.service.DriverService.checkExecutable(DriverService.java:137)
	at org.openqa.selenium.remote.service.DriverService.findExecutable(DriverService.java:132)
	at org.openqa.selenium.firefox.GeckoDriverService.access$100(GeckoDriverService.java:43)
	at org.openqa.selenium.firefox.GeckoDriverService$Builder.findDefaultExecutable(GeckoDriverService.java:168)
	at org.openqa.selenium.remote.service.DriverService$Builder.build(DriverService.java:346)
	at org.openqa.selenium.firefox.FirefoxDriver.toExecutor(FirefoxDriver.java:168)
	at org.openqa.selenium.firefox.FirefoxDriver.<init>(FirefoxDriver.java:125)
	at org.openqa.selenium.firefox.FirefoxDriver.<init>(FirefoxDriver.java:103)
	at uiAutomation.BaseTest.openBrowser(BaseTest.java:34)
	at java.util.concurrent.ThreadPoolExecutor.runWorker(ThreadPoolExecutor.java:1142)
	at java.util.concurrent.ThreadPoolExecutor$Worker.run(ThreadPoolExecutor.java:617)
	at java.lang.Thread.run(Thread.java:745)
... Removed 12 stack frames]]>
    </failure>
  </testcase> <!-- @BeforeMethod openBrowser -->
  <testcase name="@BeforeMethod openBrowser" time="0.0" classname="uiAutomation.BaseTest">
    <failure type="java.lang.IllegalStateException" message="The driver executable does not exist: /Users/apetrovski/Desktop/JavaTestNGWebDriver\src\test\resources\drivers\geckodriver.exe">
      <![CDATA[java.lang.IllegalStateException: The driver executable does not exist: /Users/apetrovski/Desktop/JavaTestNGWebDriver\src\test\resources\drivers\geckodriver.exe
	at com.google.common.base.Preconditions.checkState(Preconditions.java:585)
	at org.openqa.selenium.remote.service.DriverService.checkExecutable(DriverService.java:137)
	at org.openqa.selenium.remote.service.DriverService.findExecutable(DriverService.java:132)
	at org.openqa.selenium.firefox.GeckoDriverService.access$100(GeckoDriverService.java:43)
	at org.openqa.selenium.firefox.GeckoDriverService$Builder.findDefaultExecutable(GeckoDriverService.java:168)
	at org.openqa.selenium.remote.service.DriverService$Builder.build(DriverService.java:346)
	at org.openqa.selenium.firefox.FirefoxDriver.toExecutor(FirefoxDriver.java:168)
	at org.openqa.selenium.firefox.FirefoxDriver.<init>(FirefoxDriver.java:125)
	at org.openqa.selenium.firefox.FirefoxDriver.<init>(FirefoxDriver.java:103)
	at uiAutomation.BaseTest.openBrowser(BaseTest.java:34)
	at java.util.concurrent.ThreadPoolExecutor.runWorker(ThreadPoolExecutor.java:1142)
	at java.util.concurrent.ThreadPoolExecutor$Worker.run(ThreadPoolExecutor.java:617)
	at java.lang.Thread.run(Thread.java:745)
... Removed 12 stack frames]]>
    </failure>
  </testcase> <!-- @BeforeMethod openBrowser -->
  <testcase name="@AfterMethod quitBrowser" time="0.0" classname="uiAutomation.BaseTest">
    <skipped/>
  </testcase> <!-- @AfterMethod quitBrowser -->
  <testcase name="@AfterMethod quitBrowser" time="0.0" classname="uiAutomation.BaseTest">
    <skipped/>
  </testcase> <!-- @AfterMethod quitBrowser -->
  <testcase name="testSearch" time="0.0" classname="uiAutomation.tests.search.YahooSearchTest">
    <skipped/>
  </testcase> <!-- testSearch -->
  <testcase name="test001" time="0.0" classname="uiAutomation.tests.search.GoogleSearchTest">
    <skipped/>
  </testcase> <!-- test001 -->
</testsuite> <!-- SearchInFF -->
