<?xml version="1.0" encoding="UTF-8"?>
<testng-results skipped="0" failed="0" ignored="0" total="1" passed="1">
  <reporter-output>
  </reporter-output>
  <suite name="Smoke" duration-ms="7878" started-at="2018-10-09T16:27:20Z" finished-at="2018-10-09T16:27:27Z">
    <groups>
    </groups>
    <test name="GoogleSearchTest" duration-ms="7878" started-at="2018-10-09T16:27:20Z" finished-at="2018-10-09T16:27:27Z">
      <class name="uiAutomation.tests.search.GoogleSearchTest">
        <test-method status="PASS" signature="setup()[pri:0, instance:uiAutomation.tests.search.GoogleSearchTest@6aaa5eb0]" name="setup" is-config="true" duration-ms="10" started-at="2018-10-09T09:27:20Z" finished-at="2018-10-09T09:27:20Z">
          <reporter-output>
          </reporter-output>
        </test-method> <!-- setup -->
        <test-method status="PASS" signature="openBrowser(java.lang.String)[pri:0, instance:uiAutomation.tests.search.GoogleSearchTest@6aaa5eb0]" name="openBrowser" is-config="true" duration-ms="2342" started-at="2018-10-09T09:27:20Z" finished-at="2018-10-09T09:27:22Z">
          <params>
            <param index="0">
              <value>
                <![CDATA[FF]]>
              </value>
            </param>
          </params>
          <reporter-output>
          </reporter-output>
        </test-method> <!-- openBrowser -->
        <test-method status="PASS" signature="test001()[pri:0, instance:uiAutomation.tests.search.GoogleSearchTest@6aaa5eb0]" name="test001" duration-ms="5025" started-at="2018-10-09T09:27:22Z" finished-at="2018-10-09T09:27:27Z">
          <reporter-output>
          </reporter-output>
        </test-method> <!-- test001 -->
        <test-method status="PASS" signature="quitBrowser()[pri:0, instance:uiAutomation.tests.search.GoogleSearchTest@6aaa5eb0]" name="quitBrowser" is-config="true" duration-ms="489" started-at="2018-10-09T09:27:27Z" finished-at="2018-10-09T09:27:27Z">
          <reporter-output>
          </reporter-output>
        </test-method> <!-- quitBrowser -->
      </class> <!-- uiAutomation.tests.search.GoogleSearchTest -->
    </test> <!-- GoogleSearchTest -->
  </suite> <!-- Smoke -->
</testng-results>
